::1 - - [Mon, 13 Mar 2017 16:03:57 GMT] "GET / HTTP/1.1" 200 7463 "-" "Mozilla/5.0 (Windows NT 6.1; WOW64) AppleWebKit/537.36 (KHTML, like Gecko) Chrome/56.0.2924.87 Safari/537.36"
::1 - - [Mon, 13 Mar 2017 16:03:57 GMT] "GET /stylesheets/style.css HTTP/1.1" 304 - "http://localhost:3000/" "Mozilla/5.0 (Windows NT 6.1; WOW64) AppleWebKit/537.36 (KHTML, like Gecko) Chrome/56.0.2924.87 Safari/537.36"
::1 - - [Mon, 13 Mar 2017 16:03:57 GMT] "GET /images/champion2.jpg HTTP/1.1" 304 - "http://localhost:3000/" "Mozilla/5.0 (Windows NT 6.1; WOW64) AppleWebKit/537.36 (KHTML, like Gecko) Chrome/56.0.2924.87 Safari/537.36"
::1 - - [Mon, 13 Mar 2017 16:03:57 GMT] "GET /images/github2.png HTTP/1.1" 304 - "http://localhost:3000/" "Mozilla/5.0 (Windows NT 6.1; WOW64) AppleWebKit/537.36 (KHTML, like Gecko) Chrome/56.0.2924.87 Safari/537.36"
::1 - - [Mon, 13 Mar 2017 16:03:57 GMT] "GET /images/docker2.png HTTP/1.1" 304 - "http://localhost:3000/" "Mozilla/5.0 (Windows NT 6.1; WOW64) AppleWebKit/537.36 (KHTML, like Gecko) Chrome/56.0.2924.87 Safari/537.36"
::1 - - [Mon, 13 Mar 2017 16:04:03 GMT] "GET /u/carina/2017-3-13/[%E8%BD%AC%E8%BD%BD]GitHub HTTP/1.1" 200 3862 "http://localhost:3000/" "Mozilla/5.0 (Windows NT 6.1; WOW64) AppleWebKit/537.36 (KHTML, like Gecko) Chrome/56.0.2924.87 Safari/537.36"
::1 - - [Mon, 13 Mar 2017 16:04:03 GMT] "GET /stylesheets/style.css HTTP/1.1" 304 - "http://localhost:3000/u/carina/2017-3-13/[%E8%BD%AC%E8%BD%BD]GitHub" "Mozilla/5.0 (Windows NT 6.1; WOW64) AppleWebKit/537.36 (KHTML, like Gecko) Chrome/56.0.2924.87 Safari/537.36"
::1 - - [Mon, 13 Mar 2017 16:04:03 GMT] "GET /images/github2.png HTTP/1.1" 304 - "http://localhost:3000/u/carina/2017-3-13/[%E8%BD%AC%E8%BD%BD]GitHub" "Mozilla/5.0 (Windows NT 6.1; WOW64) AppleWebKit/537.36 (KHTML, like Gecko) Chrome/56.0.2924.87 Safari/537.36"
::1 - - [Mon, 13 Mar 2017 16:04:21 GMT] "GET / HTTP/1.1" 200 7463 "http://localhost:3000/u/carina/2017-3-13/[%E8%BD%AC%E8%BD%BD]GitHub" "Mozilla/5.0 (Windows NT 6.1; WOW64) AppleWebKit/537.36 (KHTML, like Gecko) Chrome/56.0.2924.87 Safari/537.36"
::1 - - [Mon, 13 Mar 2017 16:04:21 GMT] "GET /stylesheets/style.css HTTP/1.1" 304 - "http://localhost:3000/" "Mozilla/5.0 (Windows NT 6.1; WOW64) AppleWebKit/537.36 (KHTML, like Gecko) Chrome/56.0.2924.87 Safari/537.36"
::1 - - [Mon, 13 Mar 2017 16:04:21 GMT] "GET /images/champion2.jpg HTTP/1.1" 304 - "http://localhost:3000/" "Mozilla/5.0 (Windows NT 6.1; WOW64) AppleWebKit/537.36 (KHTML, like Gecko) Chrome/56.0.2924.87 Safari/537.36"
::1 - - [Mon, 13 Mar 2017 16:04:21 GMT] "GET /images/github2.png HTTP/1.1" 304 - "http://localhost:3000/" "Mozilla/5.0 (Windows NT 6.1; WOW64) AppleWebKit/537.36 (KHTML, like Gecko) Chrome/56.0.2924.87 Safari/537.36"
::1 - - [Mon, 13 Mar 2017 16:04:21 GMT] "GET /images/docker2.png HTTP/1.1" 304 - "http://localhost:3000/" "Mozilla/5.0 (Windows NT 6.1; WOW64) AppleWebKit/537.36 (KHTML, like Gecko) Chrome/56.0.2924.87 Safari/537.36"
::1 - - [Mon, 13 Mar 2017 16:04:23 GMT] "GET /links HTTP/1.1" 200 1104 "http://localhost:3000/" "Mozilla/5.0 (Windows NT 6.1; WOW64) AppleWebKit/537.36 (KHTML, like Gecko) Chrome/56.0.2924.87 Safari/537.36"
::1 - - [Mon, 13 Mar 2017 16:04:23 GMT] "GET /stylesheets/style.css HTTP/1.1" 304 - "http://localhost:3000/links" "Mozilla/5.0 (Windows NT 6.1; WOW64) AppleWebKit/537.36 (KHTML, like Gecko) Chrome/56.0.2924.87 Safari/537.36"
::1 - - [Mon, 13 Mar 2017 16:04:25 GMT] "GET /upload HTTP/1.1" 200 1102 "http://localhost:3000/links" "Mozilla/5.0 (Windows NT 6.1; WOW64) AppleWebKit/537.36 (KHTML, like Gecko) Chrome/56.0.2924.87 Safari/537.36"
::1 - - [Mon, 13 Mar 2017 16:04:25 GMT] "GET /stylesheets/style.css HTTP/1.1" 304 - "http://localhost:3000/upload" "Mozilla/5.0 (Windows NT 6.1; WOW64) AppleWebKit/537.36 (KHTML, like Gecko) Chrome/56.0.2924.87 Safari/537.36"
::1 - - [Mon, 13 Mar 2017 16:04:26 GMT] "GET /post HTTP/1.1" 200 1222 "http://localhost:3000/upload" "Mozilla/5.0 (Windows NT 6.1; WOW64) AppleWebKit/537.36 (KHTML, like Gecko) Chrome/56.0.2924.87 Safari/537.36"
::1 - - [Mon, 13 Mar 2017 16:04:26 GMT] "GET /stylesheets/style.css HTTP/1.1" 304 - "http://localhost:3000/post" "Mozilla/5.0 (Windows NT 6.1; WOW64) AppleWebKit/537.36 (KHTML, like Gecko) Chrome/56.0.2924.87 Safari/537.36"
::1 - - [Mon, 13 Mar 2017 16:04:28 GMT] "GET /archive HTTP/1.1" 200 1766 "http://localhost:3000/post" "Mozilla/5.0 (Windows NT 6.1; WOW64) AppleWebKit/537.36 (KHTML, like Gecko) Chrome/56.0.2924.87 Safari/537.36"
::1 - - [Mon, 13 Mar 2017 16:04:28 GMT] "GET /stylesheets/style.css HTTP/1.1" 304 - "http://localhost:3000/archive" "Mozilla/5.0 (Windows NT 6.1; WOW64) AppleWebKit/537.36 (KHTML, like Gecko) Chrome/56.0.2924.87 Safari/537.36"
::1 - - [Mon, 13 Mar 2017 16:04:30 GMT] "GET /u/carina/2017-3-13/[%E8%BD%AC%E8%BD%BD]Docker HTTP/1.1" 200 4277 "http://localhost:3000/archive" "Mozilla/5.0 (Windows NT 6.1; WOW64) AppleWebKit/537.36 (KHTML, like Gecko) Chrome/56.0.2924.87 Safari/537.36"
::1 - - [Mon, 13 Mar 2017 16:04:30 GMT] "GET /stylesheets/style.css HTTP/1.1" 304 - "http://localhost:3000/u/carina/2017-3-13/[%E8%BD%AC%E8%BD%BD]Docker" "Mozilla/5.0 (Windows NT 6.1; WOW64) AppleWebKit/537.36 (KHTML, like Gecko) Chrome/56.0.2924.87 Safari/537.36"
::1 - - [Mon, 13 Mar 2017 16:04:30 GMT] "GET /images/docker2.png HTTP/1.1" 304 - "http://localhost:3000/u/carina/2017-3-13/[%E8%BD%AC%E8%BD%BD]Docker" "Mozilla/5.0 (Windows NT 6.1; WOW64) AppleWebKit/537.36 (KHTML, like Gecko) Chrome/56.0.2924.87 Safari/537.36"
::1 - - [Mon, 13 Mar 2017 16:04:32 GMT] "GET / HTTP/1.1" 200 7463 "http://localhost:3000/u/carina/2017-3-13/[%E8%BD%AC%E8%BD%BD]Docker" "Mozilla/5.0 (Windows NT 6.1; WOW64) AppleWebKit/537.36 (KHTML, like Gecko) Chrome/56.0.2924.87 Safari/537.36"
::1 - - [Mon, 13 Mar 2017 16:04:32 GMT] "GET /stylesheets/style.css HTTP/1.1" 304 - "http://localhost:3000/" "Mozilla/5.0 (Windows NT 6.1; WOW64) AppleWebKit/537.36 (KHTML, like Gecko) Chrome/56.0.2924.87 Safari/537.36"
::1 - - [Mon, 13 Mar 2017 16:04:32 GMT] "GET /images/champion2.jpg HTTP/1.1" 304 - "http://localhost:3000/" "Mozilla/5.0 (Windows NT 6.1; WOW64) AppleWebKit/537.36 (KHTML, like Gecko) Chrome/56.0.2924.87 Safari/537.36"
::1 - - [Mon, 13 Mar 2017 16:04:32 GMT] "GET /images/github2.png HTTP/1.1" 304 - "http://localhost:3000/" "Mozilla/5.0 (Windows NT 6.1; WOW64) AppleWebKit/537.36 (KHTML, like Gecko) Chrome/56.0.2924.87 Safari/537.36"
::1 - - [Mon, 13 Mar 2017 16:04:32 GMT] "GET /images/docker2.png HTTP/1.1" 304 - "http://localhost:3000/" "Mozilla/5.0 (Windows NT 6.1; WOW64) AppleWebKit/537.36 (KHTML, like Gecko) Chrome/56.0.2924.87 Safari/537.36"
::1 - - [Mon, 13 Mar 2017 16:04:37 GMT] "GET /?p=2 HTTP/1.1" 200 7053 "http://localhost:3000/" "Mozilla/5.0 (Windows NT 6.1; WOW64) AppleWebKit/537.36 (KHTML, like Gecko) Chrome/56.0.2924.87 Safari/537.36"
::1 - - [Mon, 13 Mar 2017 16:04:38 GMT] "GET /stylesheets/style.css HTTP/1.1" 304 - "http://localhost:3000/?p=2" "Mozilla/5.0 (Windows NT 6.1; WOW64) AppleWebKit/537.36 (KHTML, like Gecko) Chrome/56.0.2924.87 Safari/537.36"
::1 - - [Mon, 13 Mar 2017 16:04:38 GMT] "GET /images/champion2.jpg HTTP/1.1" 304 - "http://localhost:3000/?p=2" "Mozilla/5.0 (Windows NT 6.1; WOW64) AppleWebKit/537.36 (KHTML, like Gecko) Chrome/56.0.2924.87 Safari/537.36"
::1 - - [Mon, 13 Mar 2017 16:04:38 GMT] "GET /images/docker2.png HTTP/1.1" 304 - "http://localhost:3000/?p=2" "Mozilla/5.0 (Windows NT 6.1; WOW64) AppleWebKit/537.36 (KHTML, like Gecko) Chrome/56.0.2924.87 Safari/537.36"
::1 - - [Mon, 13 Mar 2017 16:04:38 GMT] "GET /images/github2.png HTTP/1.1" 304 - "http://localhost:3000/?p=2" "Mozilla/5.0 (Windows NT 6.1; WOW64) AppleWebKit/537.36 (KHTML, like Gecko) Chrome/56.0.2924.87 Safari/537.36"
::1 - - [Mon, 13 Mar 2017 16:04:40 GMT] "GET /?p=3 HTTP/1.1" 200 7701 "http://localhost:3000/?p=2" "Mozilla/5.0 (Windows NT 6.1; WOW64) AppleWebKit/537.36 (KHTML, like Gecko) Chrome/56.0.2924.87 Safari/537.36"
::1 - - [Mon, 13 Mar 2017 16:04:40 GMT] "GET /stylesheets/style.css HTTP/1.1" 304 - "http://localhost:3000/?p=3" "Mozilla/5.0 (Windows NT 6.1; WOW64) AppleWebKit/537.36 (KHTML, like Gecko) Chrome/56.0.2924.87 Safari/537.36"
::1 - - [Mon, 13 Mar 2017 16:04:40 GMT] "GET /images/bayern2.png HTTP/1.1" 304 - "http://localhost:3000/?p=3" "Mozilla/5.0 (Windows NT 6.1; WOW64) AppleWebKit/537.36 (KHTML, like Gecko) Chrome/56.0.2924.87 Safari/537.36"
::1 - - [Mon, 13 Mar 2017 16:04:40 GMT] "GET /images/Nightwish.jpg HTTP/1.1" 304 - "http://localhost:3000/?p=3" "Mozilla/5.0 (Windows NT 6.1; WOW64) AppleWebKit/537.36 (KHTML, like Gecko) Chrome/56.0.2924.87 Safari/537.36"
::1 - - [Mon, 13 Mar 2017 16:04:43 GMT] "GET /u/winter/2017-3-6/NightWish HTTP/1.1" 200 3927 "http://localhost:3000/?p=3" "Mozilla/5.0 (Windows NT 6.1; WOW64) AppleWebKit/537.36 (KHTML, like Gecko) Chrome/56.0.2924.87 Safari/537.36"
::1 - - [Mon, 13 Mar 2017 16:04:43 GMT] "GET /stylesheets/style.css HTTP/1.1" 304 - "http://localhost:3000/u/winter/2017-3-6/NightWish" "Mozilla/5.0 (Windows NT 6.1; WOW64) AppleWebKit/537.36 (KHTML, like Gecko) Chrome/56.0.2924.87 Safari/537.36"
::1 - - [Mon, 13 Mar 2017 16:04:43 GMT] "GET /images/Nightwish.jpg HTTP/1.1" 304 - "http://localhost:3000/u/winter/2017-3-6/NightWish" "Mozilla/5.0 (Windows NT 6.1; WOW64) AppleWebKit/537.36 (KHTML, like Gecko) Chrome/56.0.2924.87 Safari/537.36"
